<?xml version="1.0" encoding="UTF-8"?>
<!-- Generated by org.testng.reporters.JUnitReportReporter -->
<testsuite skipped="0" hostname="SAURABH" name="TrackoDemoAssignmentSignup" tests="5" failures="0" timestamp="01 May 2017 16:41:50 GMT" time="123.210" errors="0">
  <testcase name="signUpForTrackoPositive" time="24.428" classname="TrackoDemoAssignmentSignup"/>
  <testcase name="doSignUpForTrackoWithAlreadyRegisterUser" time="25.264" classname="TrackoDemoAssignmentSignup"/>
  <testcase name="doSignUpForTrackoWithoutMobileNumber" time="23.233" classname="TrackoDemoAssignmentSignup"/>
  <testcase name="doSignUpForTrackoWithoutEmailId" time="23.210" classname="TrackoDemoAssignmentSignup"/>
  <testcase name="doSignUpForTrackoWithoutName" time="27.075" classname="TrackoDemoAssignmentSignup"/>
</testsuite> <!-- TrackoDemoAssignmentSignup -->
