<?xml version="1.0" encoding="UTF-8"?>
<!-- Generated by org.testng.reporters.JUnitReportReporter -->
<testsuite skipped="0" hostname="SAURABH" name="TrackoDemoAssignmentLogin" tests="4" failures="0" timestamp="01 May 2017 16:41:50 GMT" time="102.426" errors="0">
  <testcase name="loginForTrackoPostive" time="30.315" classname="TrackoDemoAssignmentLogin"/>
  <testcase name="loginForTrackoWithoutUsername" time="23.862" classname="TrackoDemoAssignmentLogin"/>
  <testcase name="loginForTrackoWithoutPassword" time="22.965" classname="TrackoDemoAssignmentLogin"/>
  <testcase name="loginForTrackoWithSQLInjectionAttack" time="25.284" classname="TrackoDemoAssignmentLogin"/>
</testsuite> <!-- TrackoDemoAssignmentLogin -->
