<?xml version="1.0" encoding="UTF-8"?>
<!-- Generated by org.testng.reporters.JUnitReportReporter -->
<testsuite skipped="0" hostname="SAURABH" name="TrackoDemoAssignment" tests="2" failures="0" timestamp="01 May 2017 05:23:59 GMT" time="28.839" errors="0">
  <testcase name="launchTracko" time="14.700" classname="TrackoDemoAssignment"/>
  <testcase name="signUpForTracko" time="14.139" classname="TrackoDemoAssignment"/>
</testsuite> <!-- TrackoDemoAssignment -->
